<?xml version="1.0" encoding="UTF-8"?>
<!-- Generated by org.testng.reporters.JUnitReportReporter -->
<testsuite hostname="USABOS216396L" failures="0" tests="7" name="zeroBank.testcases.LoginPageTest" time="67.094" errors="0" timestamp="19 Oct 2018 00:21:48 GMT" skipped="0">
  <testcase classname="zeroBank.testcases.LoginPageTest" name="loginVerify" time="9.317"/>
  <testcase classname="zeroBank.testcases.LoginPageTest" name="checkBoxVerify" time="8.666"/>
  <testcase classname="zeroBank.testcases.LoginPageTest" name="verifyLoginPagetitle" time="8.064"/>
  <testcase classname="zeroBank.testcases.LoginPageTest" name="hoverMessageIsDisplayed" time="9.727"/>
  <testcase classname="zeroBank.testcases.LoginPageTest" name="verifyLoginPageZeroLogo" time="7.995"/>
  <testcase classname="zeroBank.testcases.LoginPageTest" name="verifyForgottenPasswordLink" time="8.646"/>
  <testcase classname="zeroBank.testcases.LoginPageTest" name="errorMessageOnInvalid" time="14.679"/>
</testsuite> <!-- zeroBank.testcases.LoginPageTest -->
