<?xml version="1.0" encoding="UTF-8"?>
<!-- Generated by org.testng.reporters.JUnitReportReporter -->
<testsuite skipped="0" hostname="USABOS217077L" name="zeroBank.testcases.LogoutSecurityTest" tests="4" failures="0" timestamp="18 Oct 2018 21:19:02 GMT" time="46.025" errors="0">
  <testcase name="backButtonAfterLogout" time="11.078" classname="zeroBank.testcases.LogoutSecurityTest"/>
  <testcase name="checkNewTabLogout" time="16.717" classname="zeroBank.testcases.LogoutSecurityTest"/>
  <testcase name="validateAutoCompleteIsOff" time="8.785" classname="zeroBank.testcases.LogoutSecurityTest"/>
  <testcase name="verifyUserLoggedOut" time="9.445" classname="zeroBank.testcases.LogoutSecurityTest"/>
</testsuite> <!-- zeroBank.testcases.LogoutSecurityTest -->
