<?xml version="1.0" encoding="UTF-8"?>
<!-- Generated by org.testng.reporters.JUnitReportReporter -->
<testsuite hostname="USABOS216396L" failures="0" tests="1" name="zeroBank.testcases.PayBillsTest" time="11.423" errors="0" timestamp="19 Oct 2018 03:06:57 GMT" skipped="0">
  <testcase classname="zeroBank.testcases.PayBillsTest" name="verifySuccessfulPayment" time="11.423"/>
</testsuite> <!-- zeroBank.testcases.PayBillsTest -->
