<?xml version="1.0" encoding="UTF-8"?>
<!-- Generated by org.testng.reporters.JUnitReportReporter -->
<testsuite hostname="USABOS216396L" failures="0" tests="7" name="zeroBank.testcases.LoginPageTest" time="75.723" errors="0" timestamp="18 Oct 2018 23:55:37 GMT" skipped="0">
  <testcase classname="zeroBank.testcases.LoginPageTest" name="loginVerify" time="16.396"/>
  <testcase classname="zeroBank.testcases.LoginPageTest" name="checkBoxVerify" time="13.523"/>
  <testcase classname="zeroBank.testcases.LoginPageTest" name="verifyLoginPagetitle" time="7.948"/>
  <testcase classname="zeroBank.testcases.LoginPageTest" name="hoverMessageIsDisplayed" time="8.310"/>
  <testcase classname="zeroBank.testcases.LoginPageTest" name="verifyLoginPageZeroLogo" time="9.813"/>
  <testcase classname="zeroBank.testcases.LoginPageTest" name="verifyForgottenPasswordLink" time="11.354"/>
  <testcase classname="zeroBank.testcases.LoginPageTest" name="errorMessageOnInvalid" time="8.379"/>
</testsuite> <!-- zeroBank.testcases.LoginPageTest -->
